Wed Nov 24 00:33:38 KST 2021:
Error while parsing file __수근사전\상중하\sgf\01\tuke01_1-2.sgf
GoGrinder.sgf.SGFParseException: Invalid coordinates in SGF file: 25,25
	at GoGrinder.sgf.SGFUtils.checkPoint(SGFUtils.java:75)
	at GoGrinder.sgf.SGFNode.validatePoints(SGFNode.java:320)
	at GoGrinder.sgf.Node.validatePoints(Node.java:203)
	at GoGrinder.sgf.SGFNode.validatePoints(SGFNode.java:322)
	at GoGrinder.sgf.Node.validatePoints(Node.java:203)
	at GoGrinder.sgf.SGFNode.validatePoints(SGFNode.java:322)
	at GoGrinder.sgf.Node.validatePoints(Node.java:203)
	at GoGrinder.sgf.SGFNode.validatePoints(SGFNode.java:322)
	at GoGrinder.sgf.Node.validatePoints(Node.java:203)
	at GoGrinder.sgf.SGFNode.validatePoints(SGFNode.java:322)
	at GoGrinder.sgf.Node.validatePoints(Node.java:203)
	at GoGrinder.sgf.SGFNode.validatePoints(SGFNode.java:322)
	at GoGrinder.sgf.Node.validatePoints(Node.java:203)
	at GoGrinder.sgf.SGFNode.validatePoints(SGFNode.java:322)
	at GoGrinder.sgf.Node.validatePoints(Node.java:203)
	at GoGrinder.sgf.SGFNode.validatePoints(SGFNode.java:322)
	at GoGrinder.sgf.Node.validatePoints(Node.java:203)
	at GoGrinder.sgf.SGFNode.validatePoints(SGFNode.java:322)
	at GoGrinder.SGFController.startProblem(SGFController.java:71)
	at GoGrinder.SGFController.nextProblem(SGFController.java:334)
	at GoGrinder.ui.ProbFrame.onSelectProbs(ProbFrame.java:567)
	at GoGrinder.ui.ProbFrame$4.actionPerformed(ProbFrame.java:174)
	at java.desktop/javax.swing.AbstractButton.fireActionPerformed(AbstractButton.java:1972)
	at java.desktop/javax.swing.AbstractButton$Handler.actionPerformed(AbstractButton.java:2313)
	at java.desktop/javax.swing.DefaultButtonModel.fireActionPerformed(DefaultButtonModel.java:405)
	at java.desktop/javax.swing.DefaultButtonModel.setPressed(DefaultButtonModel.java:262)
	at java.desktop/javax.swing.plaf.basic.BasicButtonListener.mouseReleased(BasicButtonListener.java:279)
	at java.desktop/java.awt.AWTEventMulticaster.mouseReleased(AWTEventMulticaster.java:297)
	at java.desktop/java.awt.Component.processMouseEvent(Component.java:6626)
	at java.desktop/javax.swing.JComponent.processMouseEvent(JComponent.java:3389)
	at java.desktop/java.awt.Component.processEvent(Component.java:6391)
	at java.desktop/java.awt.Container.processEvent(Container.java:2266)
	at java.desktop/java.awt.Component.dispatchEventImpl(Component.java:5001)
	at java.desktop/java.awt.Container.dispatchEventImpl(Container.java:2324)
	at java.desktop/java.awt.Component.dispatchEvent(Component.java:4833)
	at java.desktop/java.awt.LightweightDispatcher.retargetMouseEvent(Container.java:4948)
	at java.desktop/java.awt.LightweightDispatcher.processMouseEvent(Container.java:4575)
	at java.desktop/java.awt.LightweightDispatcher.dispatchEvent(Container.java:4516)
	at java.desktop/java.awt.Container.dispatchEventImpl(Container.java:2310)
	at java.desktop/java.awt.Window.dispatchEventImpl(Window.java:2780)
	at java.desktop/java.awt.Component.dispatchEvent(Component.java:4833)
	at java.desktop/java.awt.EventQueue.dispatchEventImpl(EventQueue.java:773)
	at java.desktop/java.awt.EventQueue$4.run(EventQueue.java:722)
	at java.desktop/java.awt.EventQueue$4.run(EventQueue.java:716)
	at java.base/java.security.AccessController.doPrivileged(AccessController.java:399)
	at java.base/java.security.ProtectionDomain$JavaSecurityAccessImpl.doIntersectionPrivilege(ProtectionDomain.java:86)
	at java.base/java.security.ProtectionDomain$JavaSecurityAccessImpl.doIntersectionPrivilege(ProtectionDomain.java:97)
	at java.desktop/java.awt.EventQueue$5.run(EventQueue.java:746)
	at java.desktop/java.awt.EventQueue$5.run(EventQueue.java:744)
	at java.base/java.security.AccessController.doPrivileged(AccessController.java:399)
	at java.base/java.security.ProtectionDomain$JavaSecurityAccessImpl.doIntersectionPrivilege(ProtectionDomain.java:86)
	at java.desktop/java.awt.EventQueue.dispatchEvent(EventQueue.java:743)
	at java.desktop/java.awt.EventDispatchThread.pumpOneEventForFilters(EventDispatchThread.java:203)
	at java.desktop/java.awt.EventDispatchThread.pumpEventsForFilter(EventDispatchThread.java:124)
	at java.desktop/java.awt.EventDispatchThread.pumpEventsForHierarchy(EventDispatchThread.java:113)
	at java.desktop/java.awt.EventDispatchThread.pumpEvents(EventDispatchThread.java:109)
	at java.desktop/java.awt.EventDispatchThread.pumpEvents(EventDispatchThread.java:101)
	at java.desktop/java.awt.EventDispatchThread.run(EventDispatchThread.java:90)
Wed Nov 24 00:33:39 KST 2021:
Error while parsing file __수근사전\상중하\sgf\01\tuke01_3-4.sgf
GoGrinder.sgf.SGFParseException: Invalid coordinates in SGF file: 25,25
	at GoGrinder.sgf.SGFUtils.checkPoint(SGFUtils.java:75)
	at GoGrinder.sgf.SGFNode.validatePoints(SGFNode.java:320)
	at GoGrinder.sgf.Node.validatePoints(Node.java:203)
	at GoGrinder.sgf.SGFNode.validatePoints(SGFNode.java:322)
	at GoGrinder.sgf.Node.validatePoints(Node.java:203)
	at GoGrinder.sgf.SGFNode.validatePoints(SGFNode.java:322)
	at GoGrinder.sgf.Node.validatePoints(Node.java:203)
	at GoGrinder.sgf.SGFNode.validatePoints(SGFNode.java:322)
	at GoGrinder.sgf.Node.validatePoints(Node.java:203)
	at GoGrinder.sgf.SGFNode.validatePoints(SGFNode.java:322)
	at GoGrinder.sgf.Node.validatePoints(Node.java:203)
	at GoGrinder.sgf.SGFNode.validatePoints(SGFNode.java:322)
	at GoGrinder.sgf.Node.validatePoints(Node.java:203)
	at GoGrinder.sgf.SGFNode.validatePoints(SGFNode.java:322)
	at GoGrinder.sgf.Node.validatePoints(Node.java:203)
	at GoGrinder.sgf.SGFNode.validatePoints(SGFNode.java:322)
	at GoGrinder.sgf.Node.validatePoints(Node.java:203)
	at GoGrinder.sgf.SGFNode.validatePoints(SGFNode.java:322)
	at GoGrinder.sgf.Node.validatePoints(Node.java:203)
	at GoGrinder.sgf.SGFNode.validatePoints(SGFNode.java:322)
	at GoGrinder.sgf.Node.validatePoints(Node.java:203)
	at GoGrinder.sgf.SGFNode.validatePoints(SGFNode.java:322)
	at GoGrinder.sgf.Node.validatePoints(Node.java:203)
	at GoGrinder.sgf.SGFNode.validatePoints(SGFNode.java:322)
	at GoGrinder.sgf.Node.validatePoints(Node.java:203)
	at GoGrinder.sgf.SGFNode.validatePoints(SGFNode.java:322)
	at GoGrinder.sgf.Node.validatePoints(Node.java:203)
	at GoGrinder.sgf.SGFNode.validatePoints(SGFNode.java:322)
	at GoGrinder.sgf.Node.validatePoints(Node.java:203)
	at GoGrinder.sgf.SGFNode.validatePoints(SGFNode.java:322)
	at GoGrinder.sgf.Node.validatePoints(Node.java:203)
	at GoGrinder.sgf.SGFNode.validatePoints(SGFNode.java:322)
	at GoGrinder.sgf.Node.validatePoints(Node.java:203)
	at GoGrinder.sgf.SGFNode.validatePoints(SGFNode.java:322)
	at GoGrinder.sgf.Node.validatePoints(Node.java:203)
	at GoGrinder.sgf.SGFNode.validatePoints(SGFNode.java:322)
	at GoGrinder.sgf.Node.validatePoints(Node.java:203)
	at GoGrinder.sgf.SGFNode.validatePoints(SGFNode.java:322)
	at GoGrinder.sgf.Node.validatePoints(Node.java:203)
	at GoGrinder.sgf.SGFNode.validatePoints(SGFNode.java:322)
	at GoGrinder.sgf.Node.validatePoints(Node.java:203)
	at GoGrinder.sgf.SGFNode.validatePoints(SGFNode.java:322)
	at GoGrinder.sgf.Node.validatePoints(Node.java:203)
	at GoGrinder.sgf.SGFNode.validatePoints(SGFNode.java:322)
	at GoGrinder.sgf.Node.validatePoints(Node.java:203)
	at GoGrinder.sgf.SGFNode.validatePoints(SGFNode.java:322)
	at GoGrinder.sgf.Node.validatePoints(Node.java:203)
	at GoGrinder.sgf.SGFNode.validatePoints(SGFNode.java:322)
	at GoGrinder.sgf.Node.validatePoints(Node.java:203)
	at GoGrinder.sgf.SGFNode.validatePoints(SGFNode.java:322)
	at GoGrinder.SGFController.startProblem(SGFController.java:71)
	at GoGrinder.SGFController.nextProblem(SGFController.java:334)
	at GoGrinder.ui.ProbFrame.onSelectProbs(ProbFrame.java:567)
	at GoGrinder.ui.ProbFrame$4.actionPerformed(ProbFrame.java:174)
	at java.desktop/javax.swing.AbstractButton.fireActionPerformed(AbstractButton.java:1972)
	at java.desktop/javax.swing.AbstractButton$Handler.actionPerformed(AbstractButton.java:2313)
	at java.desktop/javax.swing.DefaultButtonModel.fireActionPerformed(DefaultButtonModel.java:405)
	at java.desktop/javax.swing.DefaultButtonModel.setPressed(DefaultButtonModel.java:262)
	at java.desktop/javax.swing.plaf.basic.BasicButtonListener.mouseReleased(BasicButtonListener.java:279)
	at java.desktop/java.awt.AWTEventMulticaster.mouseReleased(AWTEventMulticaster.java:297)
	at java.desktop/java.awt.Component.processMouseEvent(Component.java:6626)
	at java.desktop/javax.swing.JComponent.processMouseEvent(JComponent.java:3389)
	at java.desktop/java.awt.Component.processEvent(Component.java:6391)
	at java.desktop/java.awt.Container.processEvent(Container.java:2266)
	at java.desktop/java.awt.Component.dispatchEventImpl(Component.java:5001)
	at java.desktop/java.awt.Container.dispatchEventImpl(Container.java:2324)
	at java.desktop/java.awt.Component.dispatchEvent(Component.java:4833)
	at java.desktop/java.awt.LightweightDispatcher.retargetMouseEvent(Container.java:4948)
	at java.desktop/java.awt.LightweightDispatcher.processMouseEvent(Container.java:4575)
	at java.desktop/java.awt.LightweightDispatcher.dispatchEvent(Container.java:4516)
	at java.desktop/java.awt.Container.dispatchEventImpl(Container.java:2310)
	at java.desktop/java.awt.Window.dispatchEventImpl(Window.java:2780)
	at java.desktop/java.awt.Component.dispatchEvent(Component.java:4833)
	at java.desktop/java.awt.EventQueue.dispatchEventImpl(EventQueue.java:773)
	at java.desktop/java.awt.EventQueue$4.run(EventQueue.java:722)
	at java.desktop/java.awt.EventQueue$4.run(EventQueue.java:716)
	at java.base/java.security.AccessController.doPrivileged(AccessController.java:399)
	at java.base/java.security.ProtectionDomain$JavaSecurityAccessImpl.doIntersectionPrivilege(ProtectionDomain.java:86)
	at java.base/java.security.ProtectionDomain$JavaSecurityAccessImpl.doIntersectionPrivilege(ProtectionDomain.java:97)
	at java.desktop/java.awt.EventQueue$5.run(EventQueue.java:746)
	at java.desktop/java.awt.EventQueue$5.run(EventQueue.java:744)
	at java.base/java.security.AccessController.doPrivileged(AccessController.java:399)
	at java.base/java.security.ProtectionDomain$JavaSecurityAccessImpl.doIntersectionPrivilege(ProtectionDomain.java:86)
	at java.desktop/java.awt.EventQueue.dispatchEvent(EventQueue.java:743)
	at java.desktop/java.awt.EventDispatchThread.pumpOneEventForFilters(EventDispatchThread.java:203)
	at java.desktop/java.awt.EventDispatchThread.pumpEventsForFilter(EventDispatchThread.java:124)
	at java.desktop/java.awt.EventDispatchThread.pumpEventsForHierarchy(EventDispatchThread.java:113)
	at java.desktop/java.awt.EventDispatchThread.pumpEvents(EventDispatchThread.java:109)
	at java.desktop/java.awt.EventDispatchThread.pumpEvents(EventDispatchThread.java:101)
	at java.desktop/java.awt.EventDispatchThread.run(EventDispatchThread.java:90)
Wed Nov 24 00:33:46 KST 2021:
Error while parsing file __수근사전\상중하\sgf\01\tuke01_5-6.sgf
GoGrinder.sgf.SGFParseException: Invalid coordinates in SGF file: 25,25
	at GoGrinder.sgf.SGFUtils.checkPoint(SGFUtils.java:75)
	at GoGrinder.sgf.SGFNode.validatePoints(SGFNode.java:320)
	at GoGrinder.sgf.Node.validatePoints(Node.java:203)
	at GoGrinder.sgf.SGFNode.validatePoints(SGFNode.java:322)
	at GoGrinder.sgf.Node.validatePoints(Node.java:203)
	at GoGrinder.sgf.SGFNode.validatePoints(SGFNode.java:322)
	at GoGrinder.sgf.Node.validatePoints(Node.java:203)
	at GoGrinder.sgf.SGFNode.validatePoints(SGFNode.java:322)
	at GoGrinder.sgf.Node.validatePoints(Node.java:203)
	at GoGrinder.sgf.SGFNode.validatePoints(SGFNode.java:322)
	at GoGrinder.sgf.Node.validatePoints(Node.java:203)
	at GoGrinder.sgf.SGFNode.validatePoints(SGFNode.java:322)
	at GoGrinder.sgf.Node.validatePoints(Node.java:203)
	at GoGrinder.sgf.SGFNode.validatePoints(SGFNode.java:322)
	at GoGrinder.sgf.Node.validatePoints(Node.java:203)
	at GoGrinder.sgf.SGFNode.validatePoints(SGFNode.java:322)
	at GoGrinder.sgf.Node.validatePoints(Node.java:203)
	at GoGrinder.sgf.SGFNode.validatePoints(SGFNode.java:322)
	at GoGrinder.SGFController.startProblem(SGFController.java:71)
	at GoGrinder.SGFController.nextProblem(SGFController.java:334)
	at GoGrinder.ui.ProbFrame.onSelectProbs(ProbFrame.java:567)
	at GoGrinder.ui.ProbFrame$4.actionPerformed(ProbFrame.java:174)
	at java.desktop/javax.swing.AbstractButton.fireActionPerformed(AbstractButton.java:1972)
	at java.desktop/javax.swing.AbstractButton$Handler.actionPerformed(AbstractButton.java:2313)
	at java.desktop/javax.swing.DefaultButtonModel.fireActionPerformed(DefaultButtonModel.java:405)
	at java.desktop/javax.swing.DefaultButtonModel.setPressed(DefaultButtonModel.java:262)
	at java.desktop/javax.swing.plaf.basic.BasicButtonListener.mouseReleased(BasicButtonListener.java:279)
	at java.desktop/java.awt.AWTEventMulticaster.mouseReleased(AWTEventMulticaster.java:297)
	at java.desktop/java.awt.Component.processMouseEvent(Component.java:6626)
	at java.desktop/javax.swing.JComponent.processMouseEvent(JComponent.java:3389)
	at java.desktop/java.awt.Component.processEvent(Component.java:6391)
	at java.desktop/java.awt.Container.processEvent(Container.java:2266)
	at java.desktop/java.awt.Component.dispatchEventImpl(Component.java:5001)
	at java.desktop/java.awt.Container.dispatchEventImpl(Container.java:2324)
	at java.desktop/java.awt.Component.dispatchEvent(Component.java:4833)
	at java.desktop/java.awt.LightweightDispatcher.retargetMouseEvent(Container.java:4948)
	at java.desktop/java.awt.LightweightDispatcher.processMouseEvent(Container.java:4575)
	at java.desktop/java.awt.LightweightDispatcher.dispatchEvent(Container.java:4516)
	at java.desktop/java.awt.Container.dispatchEventImpl(Container.java:2310)
	at java.desktop/java.awt.Window.dispatchEventImpl(Window.java:2780)
	at java.desktop/java.awt.Component.dispatchEvent(Component.java:4833)
	at java.desktop/java.awt.EventQueue.dispatchEventImpl(EventQueue.java:773)
	at java.desktop/java.awt.EventQueue$4.run(EventQueue.java:722)
	at java.desktop/java.awt.EventQueue$4.run(EventQueue.java:716)
	at java.base/java.security.AccessController.doPrivileged(AccessController.java:399)
	at java.base/java.security.ProtectionDomain$JavaSecurityAccessImpl.doIntersectionPrivilege(ProtectionDomain.java:86)
	at java.base/java.security.ProtectionDomain$JavaSecurityAccessImpl.doIntersectionPrivilege(ProtectionDomain.java:97)
	at java.desktop/java.awt.EventQueue$5.run(EventQueue.java:746)
	at java.desktop/java.awt.EventQueue$5.run(EventQueue.java:744)
	at java.base/java.security.AccessController.doPrivileged(AccessController.java:399)
	at java.base/java.security.ProtectionDomain$JavaSecurityAccessImpl.doIntersectionPrivilege(ProtectionDomain.java:86)
	at java.desktop/java.awt.EventQueue.dispatchEvent(EventQueue.java:743)
	at java.desktop/java.awt.EventDispatchThread.pumpOneEventForFilters(EventDispatchThread.java:203)
	at java.desktop/java.awt.EventDispatchThread.pumpEventsForFilter(EventDispatchThread.java:124)
	at java.desktop/java.awt.EventDispatchThread.pumpEventsForHierarchy(EventDispatchThread.java:113)
	at java.desktop/java.awt.EventDispatchThread.pumpEvents(EventDispatchThread.java:109)
	at java.desktop/java.awt.EventDispatchThread.pumpEvents(EventDispatchThread.java:101)
	at java.desktop/java.awt.EventDispatchThread.run(EventDispatchThread.java:90)
Wed Nov 24 00:33:47 KST 2021:
Error while parsing file __수근사전\상중하\sgf\01\tuke01_7-8.sgf
GoGrinder.sgf.SGFParseException: Invalid coordinates in SGF file: 25,25
	at GoGrinder.sgf.SGFUtils.checkPoint(SGFUtils.java:75)
	at GoGrinder.sgf.SGFNode.validatePoints(SGFNode.java:320)
	at GoGrinder.sgf.Node.validatePoints(Node.java:203)
	at GoGrinder.sgf.SGFNode.validatePoints(SGFNode.java:322)
	at GoGrinder.sgf.Node.validatePoints(Node.java:203)
	at GoGrinder.sgf.SGFNode.validatePoints(SGFNode.java:322)
	at GoGrinder.sgf.Node.validatePoints(Node.java:203)
	at GoGrinder.sgf.SGFNode.validatePoints(SGFNode.java:322)
	at GoGrinder.sgf.Node.validatePoints(Node.java:203)
	at GoGrinder.sgf.SGFNode.validatePoints(SGFNode.java:322)
	at GoGrinder.SGFController.startProblem(SGFController.java:71)
	at GoGrinder.SGFController.nextProblem(SGFController.java:334)
	at GoGrinder.ui.ProbFrame.onSelectProbs(ProbFrame.java:567)
	at GoGrinder.ui.ProbFrame$4.actionPerformed(ProbFrame.java:174)
	at java.desktop/javax.swing.AbstractButton.fireActionPerformed(AbstractButton.java:1972)
	at java.desktop/javax.swing.AbstractButton$Handler.actionPerformed(AbstractButton.java:2313)
	at java.desktop/javax.swing.DefaultButtonModel.fireActionPerformed(DefaultButtonModel.java:405)
	at java.desktop/javax.swing.DefaultButtonModel.setPressed(DefaultButtonModel.java:262)
	at java.desktop/javax.swing.plaf.basic.BasicButtonListener.mouseReleased(BasicButtonListener.java:279)
	at java.desktop/java.awt.AWTEventMulticaster.mouseReleased(AWTEventMulticaster.java:297)
	at java.desktop/java.awt.Component.processMouseEvent(Component.java:6626)
	at java.desktop/javax.swing.JComponent.processMouseEvent(JComponent.java:3389)
	at java.desktop/java.awt.Component.processEvent(Component.java:6391)
	at java.desktop/java.awt.Container.processEvent(Container.java:2266)
	at java.desktop/java.awt.Component.dispatchEventImpl(Component.java:5001)
	at java.desktop/java.awt.Container.dispatchEventImpl(Container.java:2324)
	at java.desktop/java.awt.Component.dispatchEvent(Component.java:4833)
	at java.desktop/java.awt.LightweightDispatcher.retargetMouseEvent(Container.java:4948)
	at java.desktop/java.awt.LightweightDispatcher.processMouseEvent(Container.java:4575)
	at java.desktop/java.awt.LightweightDispatcher.dispatchEvent(Container.java:4516)
	at java.desktop/java.awt.Container.dispatchEventImpl(Container.java:2310)
	at java.desktop/java.awt.Window.dispatchEventImpl(Window.java:2780)
	at java.desktop/java.awt.Component.dispatchEvent(Component.java:4833)
	at java.desktop/java.awt.EventQueue.dispatchEventImpl(EventQueue.java:773)
	at java.desktop/java.awt.EventQueue$4.run(EventQueue.java:722)
	at java.desktop/java.awt.EventQueue$4.run(EventQueue.java:716)
	at java.base/java.security.AccessController.doPrivileged(AccessController.java:399)
	at java.base/java.security.ProtectionDomain$JavaSecurityAccessImpl.doIntersectionPrivilege(ProtectionDomain.java:86)
	at java.base/java.security.ProtectionDomain$JavaSecurityAccessImpl.doIntersectionPrivilege(ProtectionDomain.java:97)
	at java.desktop/java.awt.EventQueue$5.run(EventQueue.java:746)
	at java.desktop/java.awt.EventQueue$5.run(EventQueue.java:744)
	at java.base/java.security.AccessController.doPrivileged(AccessController.java:399)
	at java.base/java.security.ProtectionDomain$JavaSecurityAccessImpl.doIntersectionPrivilege(ProtectionDomain.java:86)
	at java.desktop/java.awt.EventQueue.dispatchEvent(EventQueue.java:743)
	at java.desktop/java.awt.EventDispatchThread.pumpOneEventForFilters(EventDispatchThread.java:203)
	at java.desktop/java.awt.EventDispatchThread.pumpEventsForFilter(EventDispatchThread.java:124)
	at java.desktop/java.awt.EventDispatchThread.pumpEventsForHierarchy(EventDispatchThread.java:113)
	at java.desktop/java.awt.EventDispatchThread.pumpEvents(EventDispatchThread.java:109)
	at java.desktop/java.awt.EventDispatchThread.pumpEvents(EventDispatchThread.java:101)
	at java.desktop/java.awt.EventDispatchThread.run(EventDispatchThread.java:90)
